<?xml version="1.0" encoding="UTF-8"?>
<!-- Generated by org.testng.reporters.JUnitReportReporter -->
<testsuite hostname="ADMINIB-8Q6IAUJ" name="com.scm.test.TestJetBlue" tests="5" failures="0" timestamp="19 Feb 2014 19:23:04 GMT" time="10.821" errors="0">
  <testcase name="f" time="0.000" classname="com.scm.test.TestJetBlue"/>
  <testcase name="testCheckInOnlinetab" time="1.935" classname="com.scm.test.TestJetBlue"/>
  <testcase name="f" time="0.001" classname="com.scm.test.TestJetBlue"/>
  <testcase name="testFlightStatustab" time="3.562" classname="com.scm.test.TestJetBlue"/>
  <testcase name="TestManageFlights" time="5.323" classname="com.scm.test.TestJetBlue"/>
</testsuite> <!-- com.scm.test.TestJetBlue -->
