<?xml version="1.0" encoding="UTF-8"?>
<!-- Generated by org.testng.reporters.JUnitReportReporter -->
<testsuite hostname="ADMINIB-8Q6IAUJ" name="com.scm.test.TestNGSel" tests="3" failures="0" timestamp="17 Feb 2014 21:43:49 GMT" time="7.023" errors="0">
  <testcase name="f" time="0.002" classname="com.scm.test.TestNGSel"/>
  <testcase name="f" time="0.001" classname="com.scm.test.TestNGSel"/>
  <testcase name="TestManageFlights" time="7.020" classname="com.scm.test.TestNGSel"/>
</testsuite> <!-- com.scm.test.TestNGSel -->
